2025-06-22 18:21:55  |  User - 645814541467  |  Radius - 78:ac:37:a2:3c:07  |  Authenticate - 2025-06-22 18:22:00  |  Device - Huawei
2025-06-22 18:22:01  |  User - 367657352  |  Radius - 6e:b8:41:62:7d:1d  |  Authenticate - 2025-06-22 18:22:05  |  Device - Samsung
2025-06-22 18:22:07  |  User - 208887308  |  Radius - 46:ad:08:64:d0:87  |  Authenticate - 2025-06-22 18:22:16  |  Device - Realme
2025-06-22 18:22:08  |  User - 10307823560  |  Radius - 1f:9e:70:8f:e0:0c  |  Authenticate - 2025-06-22 18:22:11  |  Device - Samsung
2025-06-22 18:22:11  |  User - 40272983035  |  Radius - 98:64:6d:61:6c:9f  |  Authenticate - 2025-06-22 18:22:18  |  Device - Xiaomi
2025-06-22 18:22:12  |  User - 96023985209  |  Radius - 25:5e:69:c3:7a:92  |  Authenticate - 2025-06-22 18:22:19  |  Device - Huawei
2025-06-22 18:22:12  |  User - 87306685606  |  Radius - f8:0b:e7:3c:82:c2  |  Authenticate - 2025-06-22 18:22:21  |  Device - Realme
2025-06-22 18:22:13  |  User - 358533748  |  Radius - f6:ce:e4:51:f2:dd  |  Authenticate - 2025-06-22 18:22:16  |  Device - Motorola
2025-06-22 18:22:15  |  User - 4907381902  |  Radius - e5:2b:3c:7d:b5:58  |  Authenticate - 2025-06-22 18:22:19  |  Device - Huawei
2025-06-22 18:22:48  |  Radius - c0:1d:87:f7:71:5a  |  User - 5085284793  |  Authenticate - 2025-06-22 18:22:49  |  Device - Samsung
2025-06-22 18:22:48  |  User - 407857107058  |  Radius - 4b:70:ac:a3:82:f0  |  Authenticate - 2025-06-22 18:22:58  |  Device - Xiaomi
2025-06-22 18:22:55  |  User - 965642486126  |  Radius - b6:a6:f2:2a:72:6c  |  Device - Samsung |  Authenticate - 2025-06-22 18:23:00 
2025-06-22 18:22:57  |  User - 43706602517  |  Radius - d5:54:6e:c1:3e:73  |  Authenticate - 2025-06-22 18:22:59  |  Device - Huawei
2025-06-22 18:22:57  |  User - 527324810  |  Radius - c8:05:8f:6d:e9:19  |  Authenticate - 2025-06-22 18:23:07  |  Device - Xiaomi
2025-06-22 18:22:58  |  User - 24480070481  |  Radius - 4c:7d:72:6c:c4:61  |  Authenticate - 2025-06-22 18:23:03  |  Device - Apple
2025-06-22 18:23:00  |  User - 10129698030  |  Radius - 81:a5:1c:36:79:84  |  Authenticate - 2025-06-22 18:23:10  |  Device - Huawei
2025-06-22 18:23:01  |  User - 763516450  |  Radius - eb:91:11:1f:c7:08  |  Authenticate - 2025-06-22 18:23:05  |  Device - Huawei
2025-06-22 18:23:07  |  User - 441375982  |  Radius - a1:87:f3:18:f8:39  |  Authenticate - 2025-06-22 18:23:16  |  Device - Apple
2025-06-22 18:23:20  |  User - 6172007074  |  Authenticate - 2025-06-22 18:23:26  |  Radius - 54:8a:9c:c4:33:49  |  Device - Apple
2025-06-22 18:23:22  |  User - 323796508  |  Radius - 5a:9d:92:a0:fc:c6  |  Authenticate - 2025-06-22 18:23:31  |  Device - Apple
2025-06-22 18:23:31  |  User - 39578964443  |  Radius - 8e:7f:36:72:c7:53  |  Device - Samsung |  Authenticate - 2025-06-22 18:23:36 
2025-06-22 18:23:33  |  User - 35835825031  |  Radius - 6c:9a:47:83:40:b5  |  Authenticate - 2025-06-22 18:23:39  |  Device - Motorola
2025-06-22 18:23:43  |  User - 338234619  |  Radius - 89:1d:b0:ca:eb:c6  |  Authenticate - 2025-06-22 18:23:49  |  Device - Huawei
2025-06-22 18:24:01  |  User - 219199706508  |  Radius - 11:70:be:e0:1e:c4  |  Authenticate - 2025-06-22 18:24:11  |  Device - Huawei
2025-06-22 18:24:04  |  User - 336298822  |  Radius - 9b:89:e4:8b:d2:5e  |  Authenticate - 2025-06-22 18:24:13  |  Device - Huawei
